#
# A fatal error has been detected by the Java Runtime Environment:
#
#  EXCEPTION_ACCESS_VIOLATION (0xc0000005) at pc=0x07efc585, pid=1164, tid=4380
#
# JRE version: 6.0_17-b04
# Java VM: Java HotSpot(TM) Client VM (14.3-b01 mixed mode windows-x86 )
# Problematic frame:
# C  0x07efc585
#
# If you would like to submit a bug report, please visit:
#   http://java.sun.com/webapps/bugreport/crash.jsp
#

---------------  T H R E A D  ---------------

Current thread (0x2017d400):  JavaThread "Code Analyzer updating thread" [_thread_in_vm, id=4380, stack(0x2e8d0000,0x2e950000)]

siginfo: ExceptionCode=0xc0000005, reading address 0x00000000

Registers:
EAX=0x00000000, EBX=0x2017d510, ECX=0x2017d400, EDX=0x080167a4
ESP=0x2e94ed64, EBP=0x2e94edac, ESI=0x2017d400, EDI=0x00000000
EIP=0x07efc585, EFLAGS=0x00010246

Top of Stack: (sp=0x2e94ed64)
0x2e94ed64:   1fdb1a88 2017d510 73f02fba 2e94ee08
0x2e94ed74:   07fedff0 07fef2f0 ffffffff 2e94ed90
0x2e94ed84:   07e010e0 2017d400 2e94f9d4 2e94edc0
0x2e94ed94:   07eff5b9 2017d400 2017d400 1fda07f4
0x2e94eda4:   000004bb 080167a4 2e94edc4 73f010fd
0x2e94edb4:   2017d510 1fdb1a88 00000000 2e94edd8
0x2e94edc4:   2e94f7f8 73f02fea 2017d510 1fdb1a88
0x2e94edd4:   00000000 73952dc7 2e94f7ec 2e94f078 

Instructions: (pc=0x07efc585)
0x07efc575:   00 00 00 74 08 8d 4d f0 e8 3e 24 08 00 8b 7d 10
0x07efc585:   8b 07 c7 45 e0 0c 00 00 00 8b 48 08 0f b7 51 26 


Stack: [0x2e8d0000,0x2e950000],  sp=0x2e94ed64,  free space=507k
Native frames: (J=compiled Java code, j=interpreted, Vv=VM code, C=native code)
C  0x07efc585
C  0x73f010fd
C  0x73f02fea
j  com.mathworks.widgets.text.mcode.MLint.nativeGetMessages(Ljava/lang/String;Ljava/lang/String;)Ljava/util/List;+0
j  com.mathworks.widgets.text.mcode.MLint.getMessages(Ljava/lang/String;Ljava/lang/String;Lcom/mathworks/widgets/text/mcode/MLintConfiguration;Z)Ljava/util/List;+67
j  com.mathworks.widgets.text.mcode.analyzer.CodeAnalyzerThread.doMLint()V+95
j  com.mathworks.widgets.text.mcode.analyzer.CodeAnalyzerThread.access$400(Lcom/mathworks/widgets/text/mcode/analyzer/CodeAnalyzerThread;)V+1
j  com.mathworks.widgets.text.mcode.analyzer.CodeAnalyzerThread$MLintRunnable.run()V+14
j  java.lang.Thread.run()V+11
v  ~StubRoutines::call_stub
C  0x07eecf9c
C  0x07f741d1
C  0x07eed167
C  0x07eed1dd
C  0x07f16290
C  0x07fd0414
C  0x07f73e4c
C  0x7d919565
C  [kernel32.dll+0x1336a]
C  [ntdll.dll+0x39f72]
C  [ntdll.dll+0x39f45]

Java frames: (J=compiled Java code, j=interpreted, Vv=VM code)
j  com.mathworks.widgets.text.mcode.MLint.nativeGetMessages(Ljava/lang/String;Ljava/lang/String;)Ljava/util/List;+0
j  com.mathworks.widgets.text.mcode.MLint.getMessages(Ljava/lang/String;Ljava/lang/String;Lcom/mathworks/widgets/text/mcode/MLintConfiguration;Z)Ljava/util/List;+67
j  com.mathworks.widgets.text.mcode.analyzer.CodeAnalyzerThread.doMLint()V+95
j  com.mathworks.widgets.text.mcode.analyzer.CodeAnalyzerThread.access$400(Lcom/mathworks/widgets/text/mcode/analyzer/CodeAnalyzerThread;)V+1
j  com.mathworks.widgets.text.mcode.analyzer.CodeAnalyzerThread$MLintRunnable.run()V+14
j  java.lang.Thread.run()V+11
v  ~StubRoutines::call_stub

---------------  P R O C E S S  ---------------

Java Threads: ( => current thread )
  0x20176000 JavaThread "Code Analyzer updating thread" [_thread_blocked, id=5020, stack(0x273b0000,0x27430000)]
=>0x2017d400 JavaThread "Code Analyzer updating thread" [_thread_in_vm, id=4380, stack(0x2e8d0000,0x2e950000)]
  0x20178000 JavaThread "Code Analyzer updating thread" [_thread_blocked, id=2748, stack(0x28740000,0x287c0000)]
  0x2017a400 JavaThread "Code Analyzer updating thread" [_thread_blocked, id=3704, stack(0x2e760000,0x2e7e0000)]
  0x2017b000 JavaThread "Code Analyzer updating thread" [_thread_blocked, id=2948, stack(0x2e6e0000,0x2e760000)]
  0x2017bc00 JavaThread "Code Analyzer updating thread" [_thread_blocked, id=3200, stack(0x2e660000,0x2e6e0000)]
  0x20179000 JavaThread "Prefs Updater" daemon [_thread_blocked, id=1364, stack(0x3ac50000,0x3acd0000)]
  0x2017b400 JavaThread "Swing-Shell" daemon [_thread_blocked, id=4232, stack(0x28f30000,0x28fb0000)]
  0x20178400 JavaThread "Code Analyzer updating thread" [_thread_blocked, id=2832, stack(0x28900000,0x28980000)]
  0x20176c00 JavaThread "Code Analyzer updating thread" [_thread_blocked, id=1180, stack(0x28500000,0x28580000)]
  0x1fb17800 JavaThread "Active Reference Queue Daemon" daemon [_thread_blocked, id=1836, stack(0x272f0000,0x27370000)]
  0x1fb17400 JavaThread "Timer-1" daemon [_thread_blocked, id=948, stack(0x27230000,0x272b0000)]
  0x1fb16c00 JavaThread "ClipboardMonitor Timer" daemon [_thread_blocked, id=4272, stack(0x27170000,0x271f0000)]
  0x1fb13c00 JavaThread "Explorer NavigationContext request queue" daemon [_thread_blocked, id=4748, stack(0x27000000,0x27080000)]
  0x1fb12800 JavaThread "AddressBar directory emptiness poller" daemon [_thread_blocked, id=4944, stack(0x26dc0000,0x26e40000)]
  0x1fb12400 JavaThread "Explorer Refresh Service 13259915" daemon [_thread_blocked, id=4308, stack(0x26d00000,0x26d80000)]
  0x1fb11c00 JavaThread "Thread-4" daemon [_thread_blocked, id=4692, stack(0x260f0000,0x26170000)]
  0x1fb11800 JavaThread "TimerQueue" daemon [_thread_blocked, id=2696, stack(0x21030000,0x210b0000)]
  0x1fb11000 JavaThread "Thread-3" daemon [_thread_blocked, id=2964, stack(0x20b90000,0x20c10000)]
  0x1fb10c00 JavaThread "FelixPackageAdmin" daemon [_thread_blocked, id=3444, stack(0x20e20000,0x20ea0000)]
  0x1fb10400 JavaThread "FelixStartLevel" daemon [_thread_blocked, id=3828, stack(0x20d60000,0x20de0000)]
  0x1fb10000 JavaThread "FelixDispatchQueue" daemon [_thread_blocked, id=3776, stack(0x20ca0000,0x20d20000)]
  0x1fa02000 JavaThread "AWT-EventQueue-0" [_thread_blocked, id=2800, stack(0x20990000,0x20a10000)]
  0x1f96e800 JavaThread "com.google.common.base.internal.Finalizer" daemon [_thread_blocked, id=4148, stack(0x20870000,0x208f0000)]
  0x1f94e400 JavaThread "AWT-Windows" daemon [_thread_in_native, id=1600, stack(0x205f0000,0x20670000)]
  0x1f92a800 JavaThread "AWT-Shutdown" [_thread_blocked, id=2872, stack(0x20530000,0x205b0000)]
  0x1f92a000 JavaThread "Java2D Disposer" daemon [_thread_blocked, id=3532, stack(0x20470000,0x204f0000)]
  0x1f51b800 JavaThread "Timer-0" [_thread_blocked, id=1056, stack(0x0ff80000,0x10000000)]
  0x1ec0e000 JavaThread "EventMgr Dispatcher" daemon [_thread_in_native, id=1856, stack(0x1ec10000,0x1f410000)]
  0x0e8e9000 JavaThread "Low Memory Detector" daemon [_thread_blocked, id=3124, stack(0x0f420000,0x0f4a0000)]
  0x0aff5000 JavaThread "CompilerThread0" daemon [_thread_blocked, id=4136, stack(0x0ebe0000,0x0f3e0000)]
  0x0b01fc00 JavaThread "Attach Listener" daemon [_thread_blocked, id=3360, stack(0x0eb20000,0x0eba0000)]
  0x0afde400 JavaThread "Finalizer" daemon [_thread_blocked, id=2648, stack(0x0e860000,0x0e8e0000)]
  0x0afdcc00 JavaThread "Reference Handler" daemon [_thread_blocked, id=3436, stack(0x0e7a0000,0x0e820000)]
  0x081cf400 JavaThread "main" [_thread_in_native, id=2968, stack(0x00430000,0x00c30000)]

Other Threads:
  0x0afda000 VMThread [stack: 0x0df60000,0x0e760000] [id=3184]
  0x0e8f2c00 WatcherThread [stack: 0x0f4e0000,0x0fce0000] [id=2464]

VM state:not at safepoint (normal execution)

VM Mutex/Monitor currently owned by a thread: None

Heap
 def new generation   total 23488K, used 4178K [0x10010000, 0x11980000, 0x12010000)
  eden space 20928K,  15% used [0x10010000, 0x10324c68, 0x11480000)
  from space 2560K,  39% used [0x11700000, 0x117ffd28, 0x11980000)
  to   space 2560K,   0% used [0x11480000, 0x11480000, 0x11700000)
 tenured generation   total 77936K, used 51747K [0x12010000, 0x16c2c000, 0x18010000)
   the space 77936K,  66% used [0x12010000, 0x15298f38, 0x15299000, 0x16c2c000)
 compacting perm gen  total 46080K, used 45880K [0x18010000, 0x1ad10000, 0x1e010000)
   the space 46080K,  99% used [0x18010000, 0x1acde3f8, 0x1acde400, 0x1ad10000)
No shared spaces configured.

Dynamic libraries:
0x00400000 - 0x00425000 	C:\Program Files (x86)\MATLAB\R2013a\bin\win32\MATLAB.exe
0x77240000 - 0x773c0000 	C:\Windows\SysWOW64\ntdll.dll
0x751d0000 - 0x752e0000 	C:\Windows\syswow64\kernel32.dll
0x750d0000 - 0x75117000 	C:\Windows\syswow64\KERNELBASE.dll
0x7ef10000 - 0x7efa1000 	C:\Program Files (x86)\MATLAB\R2013a\bin\win32\libut.dll
0x7dce0000 - 0x7dd75000 	C:\Program Files (x86)\MATLAB\R2013a\bin\win32\libmwi18n.dll
0x10000000 - 0x1000b000 	C:\Program Files (x86)\MATLAB\R2013a\bin\win32\libmwresource_core.dll
0x73a10000 - 0x73a79000 	C:\Program Files (x86)\MATLAB\R2013a\bin\win32\MSVCP100.dll
0x73950000 - 0x73a0f000 	C:\Program Files (x86)\MATLAB\R2013a\bin\win32\MSVCR100.dll
0x74320000 - 0x7432c000 	C:\Program Files (x86)\MATLAB\R2013a\bin\win32\boost_date_time-vc100-mt-1_49.dll
0x73c60000 - 0x73c85000 	C:\Program Files (x86)\MATLAB\R2013a\bin\win32\boost_filesystem-vc100-mt-1_49.dll
0x74310000 - 0x74317000 	C:\Program Files (x86)\MATLAB\R2013a\bin\win32\boost_system-vc100-mt-1_49.dll
0x756a0000 - 0x75740000 	C:\Windows\syswow64\ADVAPI32.dll
0x76c30000 - 0x76cdc000 	C:\Windows\syswow64\msvcrt.dll
0x76650000 - 0x76669000 	C:\Windows\SysWOW64\sechost.dll
0x768a0000 - 0x76990000 	C:\Windows\syswow64\RPCRT4.dll
0x74da0000 - 0x74e00000 	C:\Windows\syswow64\SspiCli.dll
0x74d90000 - 0x74d9c000 	C:\Windows\syswow64\CRYPTBASE.dll
0x73c90000 - 0x73cb1000 	C:\Program Files (x86)\MATLAB\R2013a\bin\win32\LIBEXPAT.dll
0x72eb0000 - 0x72ff9000 	C:\Program Files (x86)\MATLAB\R2013a\bin\win32\icuin49.dll
0x7ea10000 - 0x7eb17000 	C:\Program Files (x86)\MATLAB\R2013a\bin\win32\icuuc49.dll
0x00e40000 - 0x01f62000 	C:\Program Files (x86)\MATLAB\R2013a\bin\win32\icudt49.dll
0x73db0000 - 0x73dbd000 	C:\Program Files (x86)\MATLAB\R2013a\bin\win32\icuio49.dll
0x00250000 - 0x003a3000 	C:\Program Files (x86)\MATLAB\R2013a\bin\win32\libmwfl.dll
0x01f70000 - 0x02293000 	C:\Program Files (x86)\MATLAB\R2013a\bin\win32\libmwMATLAB_res.dll
0x73a90000 - 0x73b44000 	C:\Program Files (x86)\MATLAB\R2013a\bin\win32\boost_regex-vc100-mt-1_49.dll
0x76b30000 - 0x76c30000 	C:\Windows\syswow64\USER32.dll
0x767d0000 - 0x76860000 	C:\Windows\syswow64\GDI32.dll
0x75120000 - 0x7512a000 	C:\Windows\syswow64\LPK.dll
0x75130000 - 0x751cd000 	C:\Windows\syswow64\USP10.dll
0x73c40000 - 0x73c4e000 	C:\Program Files (x86)\MATLAB\R2013a\bin\win32\boost_signals-vc100-mt-1_49.dll
0x73c50000 - 0x73c5e000 	C:\Program Files (x86)\MATLAB\R2013a\bin\win32\boost_thread-vc100-mt-1_49.dll
0x738d0000 - 0x73944000 	C:\Program Files (x86)\MATLAB\R2013a\bin\win32\boost_log-vc100-mt-1_49.dll
0x77210000 - 0x77215000 	C:\Windows\syswow64\PSAPI.DLL
0x76860000 - 0x76895000 	C:\Windows\syswow64\WS2_32.dll
0x74fd0000 - 0x74fd6000 	C:\Windows\syswow64\NSI.dll
0x738a0000 - 0x738c8000 	C:\Program Files (x86)\MATLAB\R2013a\bin\win32\tbb.dll
0x75740000 - 0x7576b000 	C:\Windows\syswow64\imagehlp.dll
0x00150000 - 0x00175000 	C:\Windows\system32\POWRPROF.dll
0x76990000 - 0x76b2d000 	C:\Windows\syswow64\SETUPAPI.dll
0x75470000 - 0x75497000 	C:\Windows\syswow64\CFGMGR32.dll
0x74f40000 - 0x74fcf000 	C:\Windows\syswow64\OLEAUT32.dll
0x76ce0000 - 0x76e3c000 	C:\Windows\syswow64\ole32.dll
0x76670000 - 0x76682000 	C:\Windows\syswow64\DEVOBJ.dll
0x00180000 - 0x00199000 	C:\Program Files (x86)\MATLAB\R2013a\bin\win32\libmwmfl_scalar.dll
0x72110000 - 0x721fb000 	C:\Windows\system32\dbghelp.dll
0x022a0000 - 0x02536000 	C:\Program Files (x86)\MATLAB\R2013a\bin\win32\libmwservices.dll
0x7db50000 - 0x7dc0c000 	C:\Program Files (x86)\MATLAB\R2013a\bin\win32\libmx.dll
0x73880000 - 0x73898000 	C:\Program Files (x86)\MATLAB\R2013a\bin\win32\tbbmalloc.dll
0x73c20000 - 0x73c34000 	C:\Program Files (x86)\MATLAB\R2013a\bin\win32\zlib1.dll
0x003b0000 - 0x003ed000 	C:\Program Files (x86)\MATLAB\R2013a\bin\win32\libmwregexp.dll
0x7df40000 - 0x7df78000 	C:\Program Files (x86)\MATLAB\R2013a\bin\win32\mpath.dll
0x72990000 - 0x72ea3000 	C:\Program Files (x86)\MATLAB\R2013a\bin\win32\mlutil.dll
0x7d670000 - 0x7d6d2000 	C:\Program Files (x86)\MATLAB\R2013a\bin\win32\xmlcore.dll
0x02540000 - 0x02700000 	C:\Program Files (x86)\MATLAB\R2013a\bin\win32\xerces-c_2_7.dll
0x001b0000 - 0x001cf000 	C:\Program Files (x86)\MATLAB\R2013a\bin\win32\libmwMATLAB_settings_res.dll
0x73a80000 - 0x73a8d000 	C:\Program Files (x86)\MATLAB\R2013a\bin\win32\boost_iostreams-vc100-mt-1_49.dll
0x73840000 - 0x7387e000 	C:\Program Files (x86)\MATLAB\R2013a\bin\win32\boost_serialization-vc100-mt-1_49.dll
0x75780000 - 0x763ca000 	C:\Windows\syswow64\SHELL32.dll
0x74fe0000 - 0x75037000 	C:\Windows\syswow64\SHLWAPI.dll
0x003f0000 - 0x003f5000 	C:\Program Files (x86)\MATLAB\R2013a\bin\win32\libmwnativedisplay.dll
0x743a0000 - 0x74424000 	C:\Windows\WinSxS\x86_microsoft.windows.common-controls_6595b64144ccf1df_5.82.7601.18201_none_ec80f00e8593ece5\COMCTL32.dll
0x765d0000 - 0x7664b000 	C:\Windows\syswow64\COMDLG32.dll
0x74790000 - 0x747a1000 	C:\Windows\system32\NETAPI32.dll
0x74780000 - 0x74789000 	C:\Windows\system32\netutils.dll
0x74760000 - 0x74779000 	C:\Windows\system32\srvcli.dll
0x74750000 - 0x7475f000 	C:\Windows\system32\wkscli.dll
0x00c30000 - 0x00cb7000 	C:\Program Files (x86)\MATLAB\R2013a\bin\win32\mcr.dll
0x02700000 - 0x02a8e000 	C:\Program Files (x86)\MATLAB\R2013a\bin\win32\iqm.dll
0x02a90000 - 0x02b11000 	C:\Program Files (x86)\MATLAB\R2013a\bin\win32\m_dispatcher.dll
0x7b920000 - 0x7be74000 	C:\Program Files (x86)\MATLAB\R2013a\bin\win32\m_interpreter.dll
0x73dc0000 - 0x73ddc000 	C:\Program Files (x86)\MATLAB\R2013a\bin\win32\libmex.dll
0x7d8b0000 - 0x7d910000 	C:\Program Files (x86)\MATLAB\R2013a\bin\win32\profiler.dll
0x02b20000 - 0x02d8c000 	C:\Program Files (x86)\MATLAB\R2013a\bin\win32\libmwmathutil.dll
0x734f0000 - 0x7350f000 	C:\Program Files (x86)\MATLAB\R2013a\bin\win32\libmwmathrng.dll
0x00cc0000 - 0x00cce000 	C:\Program Files (x86)\MATLAB\R2013a\bin\win32\libmwmfl_rng.dll
0x7c390000 - 0x7c43b000 	C:\Program Files (x86)\MATLAB\R2013a\bin\win32\libmwmathcore.dll
0x7e000000 - 0x7e048000 	C:\Program Files (x86)\MATLAB\R2013a\bin\win32\libmwspmatrix.dll
0x72390000 - 0x72540000 	C:\Program Files (x86)\MATLAB\R2013a\bin\win32\mcos.dll
0x00cd0000 - 0x00d1b000 	C:\Program Files (x86)\MATLAB\R2013a\bin\win32\libmwcholmod.dll
0x73e70000 - 0x73e7a000 	C:\Program Files (x86)\MATLAB\R2013a\bin\win32\libmwamd.dll
0x02d90000 - 0x02e33000 	C:\Windows\WinSxS\x86_microsoft.vc90.crt_1fc8b3b9a1e18e3b_9.0.30729.6161_none_50934f2ebcb7eb57\MSVCR90.dll
0x73e80000 - 0x73e8a000 	C:\Program Files (x86)\MATLAB\R2013a\bin\win32\libmwcolamd.dll
0x02e50000 - 0x02e5b000 	C:\Program Files (x86)\MATLAB\R2013a\bin\win32\libmwblas.dll
0x73d30000 - 0x73d41000 	C:\Program Files (x86)\MATLAB\R2013a\bin\win32\libmwbinder.dll
0x73ea0000 - 0x73ea9000 	C:\Program Files (x86)\MATLAB\R2013a\bin\win32\libmwompwrapper.dll
0x73030000 - 0x73064000 	C:\Program Files (x86)\MATLAB\R2013a\bin\win32\libmwlapack.dll
0x73bf0000 - 0x73c07000 	C:\Program Files (x86)\MATLAB\R2013a\bin\win32\m_pcodeio.dll
0x7e080000 - 0x7e0c9000 	C:\Program Files (x86)\MATLAB\R2013a\bin\win32\m_ir.dll
0x70000000 - 0x70590000 	C:\Program Files (x86)\MATLAB\R2013a\bin\win32\m_parser.dll
0x02e60000 - 0x02e71000 	C:\Program Files (x86)\MATLAB\R2013a\bin\win32\ir_xfmr.dll
0x73e90000 - 0x73e9e000 	C:\Program Files (x86)\MATLAB\R2013a\bin\win32\mtok.dll
0x73690000 - 0x736b1000 	C:\Program Files (x86)\MATLAB\R2013a\bin\win32\m_pcodegen.dll
0x7e1c0000 - 0x7e1e7000 	C:\Program Files (x86)\MATLAB\R2013a\bin\win32\libmwbridge.dll
0x02e80000 - 0x02f11000 	C:\Program Files (x86)\MATLAB\R2013a\bin\win32\udd.dll
0x7e6f0000 - 0x7e808000 	C:\Program Files (x86)\MATLAB\R2013a\bin\win32\libmwgui.dll
0x02f20000 - 0x02f3d000 	C:\Program Files (x86)\MATLAB\R2013a\bin\win32\graphics_util.dll
0x73780000 - 0x73832000 	C:\Program Files (x86)\MATLAB\R2013a\bin\win32\libtex_base.dll
0x02f40000 - 0x0368c000 	C:\Program Files (x86)\MATLAB\R2013a\bin\win32\hg.dll
0x03690000 - 0x036d6000 	C:\Program Files (x86)\MATLAB\R2013a\bin\win32\libmat.dll
0x036e0000 - 0x038c9000 	C:\Program Files (x86)\MATLAB\R2013a\bin\win32\hdf5dll.dll
0x7d9d0000 - 0x7da76000 	C:\Program Files (x86)\MATLAB\R2013a\bin\win32\jmi.dll
0x038e0000 - 0x038ec000 	C:\Program Files (x86)\MATLAB\R2013a\bin\win32\nativejava_services.dll
0x732b0000 - 0x732e2000 	C:\Program Files (x86)\MATLAB\R2013a\bin\win32\libmwhardcopy.dll
0x7de70000 - 0x7deb8000 	C:\Program Files (x86)\MATLAB\R2013a\bin\win32\libuij.dll
0x038f0000 - 0x03ac2000 	C:\Program Files (x86)\MATLAB\R2013a\bin\win32\hgdatatypes.dll
0x7d2e0000 - 0x7d39d000 	C:\Program Files (x86)\MATLAB\R2013a\bin\win32\hgutils.dll
0x03ad0000 - 0x03b58000 	C:\Program Files (x86)\MATLAB\R2013a\bin\win32\udd_mi.dll
0x03b60000 - 0x03b8d000 	C:\Program Files (x86)\MATLAB\R2013a\bin\win32\libmwgbtutils.dll
0x03b90000 - 0x03ba0000 	C:\Program Files (x86)\MATLAB\R2013a\bin\win32\libmwgbt.dll
0x03ba0000 - 0x03e45000 	C:\Program Files (x86)\MATLAB\R2013a\bin\win32\uiw.dll
0x73ee0000 - 0x73ee8000 	C:\Program Files (x86)\MATLAB\R2013a\bin\win32\uinone.dll
0x03e50000 - 0x03e6e000 	C:\Program Files (x86)\MATLAB\R2013a\bin\win32\libmwnativefiledialogs.dll
0x03e70000 - 0x03e79000 	C:\Program Files (x86)\MATLAB\R2013a\bin\win32\libmwplatform_res.dll
0x74bc0000 - 0x74bd2000 	C:\Windows\system32\MPR.dll
0x03e80000 - 0x042b8000 	C:\Program Files (x86)\MATLAB\R2013a\bin\win32\mfc100.dll
0x749b0000 - 0x749b5000 	C:\Windows\system32\MSIMG32.dll
0x74be0000 - 0x74c31000 	C:\Windows\system32\WINSPOOL.DRV
0x73710000 - 0x73726000 	C:\Program Files (x86)\MATLAB\R2013a\bin\win32\mwoles05.DLL
0x7dc40000 - 0x7dc93000 	C:\Program Files (x86)\MATLAB\R2013a\bin\win32\comcli.dll
0x733f0000 - 0x73416000 	C:\Program Files (x86)\MATLAB\R2013a\bin\win32\ATL100.DLL
0x73e00000 - 0x73e0a000 	C:\Program Files (x86)\MATLAB\R2013a\bin\win32\mlautoregister.dll
0x042c0000 - 0x043fc000 	C:\Program Files (x86)\MATLAB\R2013a\bin\win32\mvm.dll
0x76770000 - 0x767d0000 	C:\Windows\system32\IMM32.DLL
0x754a0000 - 0x7556c000 	C:\Windows\syswow64\MSCTF.dll
0x74cf0000 - 0x74d70000 	C:\Windows\system32\UxTheme.dll
0x74cd0000 - 0x74ce3000 	C:\Windows\system32\dwmapi.dll
0x73440000 - 0x73449000 	C:\Program Files (x86)\MATLAB\R2013a\bin\win32\MFC100CHS.DLL

VM Arguments:
jvm_args: -Xss512k -XX:PermSize=32m -Xms64m -XX:NewRatio=3 -XX:MaxPermSize=96m -Xmx128m -XX:MaxDirectMemorySize=1200000000 -Dsun.java2d.noddraw=true -Dsun.awt.nopixfmt=true -Xshare:off -Xrs -Dsun.awt.disableMixing=true -Djava.library.path=C:\Program Files (x86)\MATLAB\R2013a\bin\win32;C:\Program Files (x86)\MATLAB\R2013a\sys\jxbrowser\win32\lib vfprintf abort -Duser.language=en -Duser.country=US -XX:ParallelGCThreads=6 
java_command: <unknown>
Launcher Type: generic

Environment Variables:
PATH=C:\Program Files (x86)\AMD APP\bin\x86_64;C:\Program Files (x86)\AMD APP\bin\x86;C:\Program Files (x86)\Intel\iCLS Client\;C:\Program Files\Intel\iCLS Client\;C:\Windows\system32;C:\Windows;C:\Windows\System32\Wbem;C:\Windows\System32\WindowsPowerShell\v1.0\;C:\Program Files\Intel\Intel(R) Management Engine Components\DAL;C:\Program Files\Intel\Intel(R) Management Engine Components\IPT;C:\Program Files (x86)\Intel\Intel(R) Management Engine Components\DAL;C:\Program Files (x86)\Intel\Intel(R) Management Engine Components\IPT;C:\Program Files (x86)\ATI Technologies\ATI.ACE\Core-Static;C:\Program Files (x86)\Microsoft SQL Server\100\Tools\Binn\;C:\Program Files\Microsoft SQL Server\100\Tools\Binn\;C:\Program Files\Microsoft SQL Server\100\DTS\Binn\;C:\Program Files (x86)\MATLAB\R2013a\runtime\win32;C:\Program Files (x86)\MATLAB\R2013a\bin;C:\Program Files\MATLAB\R2013a\runtime\win64;C:\Program Files (x86)\MATLAB\R2013a\bin;C:\Program Files\MATLAB\R2013a\bin;C:\Program Files (x86)\Microsoft SQL Server\90\Tools\binn\
USERNAME=ch
OS=Windows_NT
PROCESSOR_IDENTIFIER=Intel64 Family 6 Model 58 Stepping 9, GenuineIntel



---------------  S Y S T E M  ---------------

OS: Windows 7 Build 7601 Service Pack 1

CPU:total 8 (8 cores per cpu, 2 threads per core) family 6 model 58 stepping 9, cmov, cx8, fxsr, mmx, sse, sse2, sse3, ssse3, sse4.1, sse4.2, ht

Memory: 4k page, physical 4194303k(4194303k free), swap 4194303k(4194303k free)

vm_info: Java HotSpot(TM) Client VM (14.3-b01) for windows-x86 JRE (1.6.0_17-b04), built on Oct 11 2009 00:52:06 by "java_re" with MS VC++ 7.1

time: Fri Jan 24 11:03:59 2014
elapsed time: 51809 seconds

